[2025-08-17 21:37:35,533] 27 root - INFO - Entered the data ingestion method or component
[2025-08-17 21:37:35,550] 30 root - INFO - Read the dataset as dataframe
[2025-08-17 21:37:35,563] 35 root - INFO - Train test split initiated
[2025-08-17 21:37:35,584] 42 root - INFO - Ingestion of the data is completed
[2025-08-17 21:37:35,596] 77 root - INFO - Read train and test data completed
[2025-08-17 21:37:35,597] 79 root - INFO - Obtaining preprocessing object
[2025-08-17 21:37:35,597] 53 root - INFO - Categorical columns: ['equipment_id', 'equipment_type', 'location', 'install_date', 'last_service_date', 'next_scheduled_service', 'service_priority']
[2025-08-17 21:37:35,597] 54 root - INFO - Numerical columns: ['age_days', 'runtime_hours', 'temperature', 'vibration_level', 'power_consumption_kw', 'humidity_level', 'error_codes_count', 'manual_override', 'downtime_last_30d']
[2025-08-17 21:37:35,601] 93 root - INFO - Applying preprocessing object on training dataframe and testing dataframe.
[2025-08-17 21:37:35,764] 105 root - INFO - Saved preprocessing object.
[2025-08-17 21:37:35,770] 33 root - INFO - Splitting training and testing data
[2025-08-17 22:02:46,157] 106 root - INFO - Training model: RandomForestRegressor
[2025-08-17 22:02:47,550] 106 root - INFO - Training model: GradientBoostingRegressor
[2025-08-17 22:02:52,604] 106 root - INFO - Training model: AdaBoostRegressor
[2025-08-17 22:02:52,869] 106 root - INFO - Training model: LinearRegression
[2025-08-17 22:02:53,284] 106 root - INFO - Training model: KNeighborsRegressor
[2025-08-17 22:02:53,325] 106 root - INFO - Training model: DecisionTreeRegressor
[2025-08-17 22:02:53,409] 106 root - INFO - Training model: XGBRegressor
[2025-08-17 22:02:53,752] 106 root - INFO - Training model: CatBoostClassifier
[2025-08-17 22:02:55,133] 124 root - INFO - Best model found: AdaBoostRegressor with R2 score: 0.9253831787869939
