[2025-08-17 18:52:16,298] 27 root - INFO - Entered the data ingestion method or component
[2025-08-17 18:52:16,322] 30 root - INFO - Read the dataset as dataframe
[2025-08-17 18:52:16,335] 35 root - INFO - Train test split initiated
[2025-08-17 18:52:16,365] 42 root - INFO - Ingestion of the data is completed
[2025-08-17 18:52:16,376] 77 root - INFO - Read train and test data completed
[2025-08-17 18:52:16,376] 79 root - INFO - Obtaining preprocessing object
[2025-08-17 18:52:16,376] 53 root - INFO - Categorical columns: ['equipment_id', 'equipment_type', 'location', 'install_date', 'last_service_date', 'next_scheduled_service', 'service_priority']
[2025-08-17 18:52:16,376] 54 root - INFO - Numerical columns: ['age_days', 'runtime_hours', 'temperature', 'vibration_level', 'power_consumption_kw', 'humidity_level', 'error_codes_count', 'manual_override', 'downtime_last_30d']
[2025-08-17 18:52:16,382] 93 root - INFO - Applying preprocessing object on training dataframe and testing dataframe.
[2025-08-17 18:52:16,535] 105 root - INFO - Saved preprocessing object.
[2025-08-17 18:52:16,542] 33 root - INFO - Splitting training and testing data
[2025-08-17 18:52:44,075] 62 root - INFO - Training model: RandomForestRegressor
[2025-08-17 18:52:47,867] 62 root - INFO - Training model: GradientBoostingRegressor
[2025-08-17 18:52:54,043] 62 root - INFO - Training model: AdaBoostRegressor
[2025-08-17 18:52:54,354] 62 root - INFO - Training model: LinearRegression
[2025-08-17 18:52:54,960] 62 root - INFO - Training model: KNeighborsRegressor
[2025-08-17 18:52:55,014] 62 root - INFO - Training model: DecisionTreeRegressor
[2025-08-17 18:52:55,114] 62 root - INFO - Training model: XGBRegressor
[2025-08-17 18:52:55,521] 62 root - INFO - Training model: CatBoostClassifier
[2025-08-17 18:53:08,624] 80 root - INFO - Best model found: GradientBoostingRegressor with R2 score: 0.844877834916457
